*** Using Compiler 'V5.06 update 7 (build 960)', folder: 'C:\Users\23642\AppData\Local\Keil_v5\ARM\ARM_Compiler_5.06u7\Bin'
Build target 'Target 1'
compiling misc.c...
compiling stm32f10x_spi.c...
compiling stm32f10x_dma.c...
compiling stm32f10x_i2c.c...
compiling stm32f10x_dac.c...
compiling stm32f10x_flash.c...
compiling stm32f10x_usart.c...
compiling stm32f10x_crc.c...
compiling stm32f10x_tim.c...
compiling stm32f10x_dbgmcu.c...
compiling stm32f10x_fsmc.c...
assembling startup_stm32f10x_md.s...
compiling stm32f10x_gpio.c...
compiling stm32f10x_sdio.c...
compiling stm32f10x_rtc.c...
compiling stm32f10x_exti.c...
compiling stm32f10x_bkp.c...
compiling stm32f10x_iwdg.c...
compiling stm32f10x_pwr.c...
compiling stm32f10x_wwdg.c...
compiling core_cm3.c...
compiling stm32f10x_cec.c...
compiling stm32f10x_rcc.c...
compiling stm32f10x_adc.c...
compiling stm32f10x_can.c...
compiling MyTime.c...
compiling system_stm32f10x.c...
compiling MyMisc.c...
compiling Page.c...
compiling Music.c...
Software\Music.c(22): warning:  #940-D: missing return statement at end of non-void function "Music_GetList" 
  }
Software\Music.c(27): warning:  #940-D: missing return statement at end of non-void function "Music_GetLength" 
  }
Software\Music.c: 2 warnings, 0 errors
compiling frame.c...
compiling MyGPIO.c...
compiling MyI2C.c...
compiling MyOLED.c...
compiling Keyboard.c...
compiling MyNVIC.c...
compiling MyOLED_Render.c...
compiling Serial.c...
compiling MyPWM.c...
compiling Buzzer.c...
compiling MyTIM.c...
compiling main.c...
compiling stm32f10x_it.c...
linking...
Program Size: Code=13598 RO-data=2302 RW-data=300 ZI-data=2980  
".\Objects\project.axf" - 0 Error(s), 2 Warning(s).
Build Time Elapsed:  00:00:02
